  Lab3.cpp
C:\Users\ethan\source\repos\Labs\Lab3\Lab3.cpp(10,14): warning C4244: =: преобразование "float" в "int", возможна потеря данных
C:\Program Files\Microsoft Visual Studio\2022\Community\VC\Tools\MSVC\14.36.32532\include\xmemory(677,47): error C2512: taxi::taxi: нет подходящего конструктора по умолчанию
C:\Program Files\Microsoft Visual Studio\2022\Community\VC\Tools\MSVC\14.36.32532\include\xmemory(677,47): message : при попытке сопоставить список аргументов "()"
C:\Program Files\Microsoft Visual Studio\2022\Community\VC\Tools\MSVC\14.36.32532\include\xmemory(1777,35): message : выполняется компиляция ссылки на экземпляр шаблон функции "void std::_Default_allocator_traits<_Alloc>::construct<_Ty,>(_Alloc &,_Objty *const )"
          with
          [
              _Alloc=std::allocator<taxi>,
              _Ty=taxi,
              _Objty=taxi
          ]
C:\Program Files\Microsoft Visual Studio\2022\Community\VC\Tools\MSVC\14.36.32532\include\xmemory(2017,17): message : выполняется компиляция ссылки на экземпляр шаблон функции "void std::_Uninitialized_backout_al<std::allocator<taxi>>::_Emplace_back<>(void)"
C:\Program Files\Microsoft Visual Studio\2022\Community\VC\Tools\MSVC\14.36.32532\include\vector(2067,36): message : выполняется компиляция ссылки на экземпляр шаблон функции "taxi *std::_Uninitialized_value_construct_n<std::allocator<taxi>>(taxi *,unsigned __int64,_Alloc &)"
          with
          [
              _Alloc=std::allocator<taxi>
          ]
C:\Program Files\Microsoft Visual Studio\2022\Community\VC\Tools\MSVC\14.36.32532\include\vector(618,9): message : выполняется компиляция ссылки на экземпляр шаблон функции "void std::vector<taxi,std::allocator<taxi>>::_Construct_n<>(const unsigned __int64)"
C:\Program Files\Microsoft Visual Studio\2022\Community\VC\Tools\MSVC\14.36.32532\include\vector(616,5): message : во время компиляции функции-члена класс шаблон "std::vector<taxi,std::allocator<taxi>>::vector(const unsigned __int64,const _Alloc &)"
          with
          [
              _Alloc=std::allocator<taxi>
          ]
C:\Users\ethan\source\repos\Labs\Lab3\Lab3.cpp(33,18): message : см. первую ссылку на "std::vector<taxi,std::allocator<taxi>>::vector" в "main"
C:\Users\ethan\source\repos\Labs\Lab3\taxi_controller.h(20,15): message : выполняется компиляция ссылки на экземпляр класс шаблон функции "std::vector<taxi,std::allocator<taxi>>"
